<?xml version='1.0' encoding='utf-8'?>
<testsuite name="web-fix-verification" tests="11" failures="0" skipped="1"><testcase name="proxy-path-normalization" classname="security" /><testcase name="sitemap-pagination" classname="api" /><testcase name="notification-failure" classname="ui" /><testcase name="logout-failure" classname="security" /><testcase name="locale-hardcoded-copy" classname="a11y_i18n" /><testcase name="timezone-history" classname="a11y_i18n" /><testcase name="responsive-overflow" classname="ui" /><testcase name="missing-spacing-token" classname="ui" /><testcase name="missing-header-entry" classname="ui" /><testcase name="session-renewal-absent" classname="security" /><testcase name="stale-local-backend" classname="api"><skipped message="Local backend image differs from source; live integration blocked" /></testcase></testsuite>